This is pdfTeXk, Version 3.141592-1.40.3 (Web2C 7.5.6) (format=pdflatex 2011.8.31)  23 APR 2012 04:47
entering extended mode
 %&-line parsing enabled.
**AVReport.tex
(./AVReport.tex
LaTeX2e <2005/12/01>
Babel <v3.8h> and hyphenation patterns for english, usenglishmax, dumylang, noh
yphenation, arabic, basque, bulgarian, coptic, welsh, czech, slovak, german, ng
erman, danish, esperanto, spanish, catalan, galician, estonian, farsi, finnish,
 french, greek, monogreek, ancientgreek, croatian, hungarian, interlingua, ibyc
us, indonesian, icelandic, italian, latin, mongolian, dutch, norsk, polish, por
tuguese, pinyin, romanian, russian, slovenian, uppersorbian, serbian, swedish, 
turkish, ukenglish, ukrainian, loaded.
(./cs4rep.cls
Document Class: cs4rep 1995/02/02 DCS CS4 Report class
Parskip option
(/usr/share/texmf/tex/latex/base/report.cls
Document Class: report 2005/09/16 v1.4f Standard LaTeX document class
(/usr/share/texmf/tex/latex/base/size12.clo
File: size12.clo 2005/09/16 v1.4f Standard LaTeX file (size option)
)
\c@part=\count79
\c@chapter=\count80
\c@section=\count81
\c@subsection=\count82
\c@subsubsection=\count83
\c@paragraph=\count84
\c@subparagraph=\count85
\c@figure=\count86
\c@table=\count87
\abovecaptionskip=\skip41
\belowcaptionskip=\skip42
\bibindent=\dimen102
)
(/usr/share/texmf/tex/latex/ntgclass/a4.sty
Package: a4 2004/04/15 v1.2g A4 based page layout
)
Parskip package loaded
(/usr/share/texmf/tex/latex/ltxmisc/parskip.sty
Package: parskip 2001/04/09 non-zero parskip adjustments
))
(/usr/share/texmf/tex/latex/graphics/graphicx.sty
Package: graphicx 1999/02/16 v1.0f Enhanced LaTeX Graphics (DPC,SPQR)

(/usr/share/texmf/tex/latex/graphics/keyval.sty
Package: keyval 1999/03/16 v1.13 key=value parser (DPC)
\KV@toks@=\toks14
)
(/usr/share/texmf/tex/latex/graphics/graphics.sty
Package: graphics 2006/02/20 v1.0o Standard LaTeX Graphics (DPC,SPQR)

(/usr/share/texmf/tex/latex/graphics/trig.sty
Package: trig 1999/03/16 v1.09 sin cos tan (DPC)
)
(/usr/share/texmf/tex/latex/config/graphics.cfg
File: graphics.cfg 2007/01/18 v1.5 graphics configuration of teTeX/TeXLive
)
Package graphics Info: Driver file: pdftex.def on input line 90.

(/usr/share/texmf/tex/latex/pdftex-def/pdftex.def
File: pdftex.def 2007/01/08 v0.04d Graphics/color for pdfTeX
\Gread@gobject=\count88
))
\Gin@req@height=\dimen103
\Gin@req@width=\dimen104
)
(/usr/share/texmf/tex/latex/float/float.sty
Package: float 2001/11/08 v1.3d Float enhancements (AL)
\c@float@type=\count89
\float@exts=\toks15
\float@box=\box26
\@float@everytoks=\toks16
\@floatcapt=\box27
) (./AVReport.aux)
\openout1 = `AVReport.aux'.

LaTeX Font Info:    Checking defaults for OML/cmm/m/it on input line 7.
LaTeX Font Info:    ... okay on input line 7.
LaTeX Font Info:    Checking defaults for T1/cmr/m/n on input line 7.
LaTeX Font Info:    ... okay on input line 7.
LaTeX Font Info:    Checking defaults for OT1/cmr/m/n on input line 7.
LaTeX Font Info:    ... okay on input line 7.
LaTeX Font Info:    Checking defaults for OMS/cmsy/m/n on input line 7.
LaTeX Font Info:    ... okay on input line 7.
LaTeX Font Info:    Checking defaults for OMX/cmex/m/n on input line 7.
LaTeX Font Info:    ... okay on input line 7.
LaTeX Font Info:    Checking defaults for U/cmr/m/n on input line 7.
LaTeX Font Info:    ... okay on input line 7.

(/usr/share/texmf/tex/context/base/supp-pdf.tex
[Loading MPS to PDF converter (version 2006.09.02).]
\scratchcounter=\count90
\scratchdimen=\dimen105
\scratchbox=\box28
\nofMPsegments=\count91
\nofMParguments=\count92
\MPscratchCnt=\count93
\MPscratchDim=\dimen106
\MPnumerator=\count94
\everyMPtoPDFconversion=\toks17
)
! Undefined control sequence.
<argument> ...kip 1em plus 1fil {\large \@project 
                                                  } \\ {\large \@degree \par...
l.21 \maketitle
               
? 

! LaTeX Error: There's no line here to end.

See the LaTeX manual or LaTeX Companion for explanation.
Type  H <return>  for immediate help.
 ...                                              
                                                  
l.21 \maketitle
               
? 
! Undefined control sequence.
<argument> ...rge \@project } \\ {\large \@degree 
                                                  \par } \vfil {\normalsize ...
l.21 \maketitle
               
? 
LaTeX Font Info:    External font `cmex10' loaded for size
(Font)              <12> on input line 21.
LaTeX Font Info:    External font `cmex10' loaded for size
(Font)              <8> on input line 21.
LaTeX Font Info:    External font `cmex10' loaded for size
(Font)              <6> on input line 21.
! Extra alignment tab has been changed to \cr.
<recently read> \endtemplate 
                             
l.21 \maketitle
               
? 
[1

{/var/lib/texmf/fonts/map/pdftex/updmap/pdftex.map}] [2

] (./AVReport.toc)
\tf@toc=\write3
\openout3 = `AVReport.toc'.


[3

] [4

]
 1.
<IntroImage1.jpg, id=17, 788.9475pt x 609.27625pt>
File: IntroImage1.jpg Graphic file (type jpg)
 <use IntroImage1.jpg>
<IntroImage2.jpg, id=18, 1927.2pt x 722.7pt>
File: IntroImage2.jpg Graphic file (type jpg)
 <use IntroImage2.jpg> [1

 <./IntroImage1.jpg> <./IntroImage2.jpg>] <DataImage1.png, id=22, 1027.84pt x 7
17.882pt>
File: DataImage1.png Graphic file (type png)

<use DataImage1.png> [2 <./DataImage1.png (PNG copy)>] [3] [4

]
 2.
[5] [6

]
 3.
<FindTheManImage1.jpg, id=40, 642.4pt x 481.8pt>
File: FindTheManImage1.jpg Graphic file (type jpg)
 <use FindTheManImage1.jpg>
Underfull \vbox (badness 1742) has occurred while \output is active []

 [7 <./FindTheManImage1.jpg>] <FindTheManImage2.jpg, id=44, 642.4pt x 481.8pt>
File: FindTheManImage2.jpg Graphic file (type jpg)

<use FindTheManImage2.jpg> [8 <./FindTheManImage2.jpg>]
 4.

Underfull \vbox (badness 10000) has occurred while \output is active []

 [9

]
[10] <AndrewBitImage1.jpg, id=60, 385.44pt x 141.52875pt>
File: AndrewBitImage1.jpg Graphic file (type jpg)

<use AndrewBitImage1.jpg> [11 <./AndrewBitImage1.jpg>] [12]
 5.
<danglingPixel.png, id=68, 100.12407pt x 102.3825pt>
File: danglingPixel.png Graphic file (type png)
 <use danglingPixel.png>
Underfull \vbox (badness 10000) has occurred while \output is active []

 [13

]
<unnecessary.png, id=72, 349.305pt x 86.57344pt>
File: unnecessary.png Graphic file (type png)
 <use unnecessary.png>
<failRemoveSpurs.png, id=73, 441.14813pt x 328.97906pt>
File: failRemoveSpurs.png Graphic file (type png)

<use failRemoveSpurs.png> [14 <./danglingPixel.png (PNG copy)> <./unnecessary.p
ng (PNG copy)>] <spursProblem.png, id=77, 134.101pt x 131.692pt>
File: spursProblem.png Graphic file (type png)

<use spursProblem.png> <spursProblem2.png, id=78, 451.286pt x 358.138pt>
File: spursProblem2.png Graphic file (type png)

<use spursProblem2.png>

LaTeX Warning: `h' float specifier changed to `ht'.

[15 <./failRemoveSpurs.png (PNG copy)>] [16 <./spursProblem.png (PNG copy)> <./
spursProblem2.png (PNG copy)>]
<cornersProblem.png, id=86, 449.68pt x 337.26pt>
File: cornersProblem.png Graphic file (type png)
 <use cornersProblem.png>
<cornersProblemFix.png, id=87, 449.68pt x 337.26pt>
File: cornersProblemFix.png Graphic file (type png)

<use cornersProblemFix.png>

LaTeX Warning: `h' float specifier changed to `ht'.

[17] [18 <./cornersProblem.png (PNG copy)> <./cornersProblemFix.png (PNG copy)>
]
 6.
[19

] [20

]
 7.
[21] [22

]
! Missing $ inserted.
<inserted text> 
                $
l.290  issue_
             date = {June 1981},
? 
! Extra }, or forgotten $.
l.304 }
       
? 
! Missing $ inserted.
<inserted text> 
                $
l.305 
      
? 
! Missing } inserted.
<inserted text> 
                }
l.305 
      
? 

Underfull \hbox (badness 6016) in paragraph at lines 285--305
[]\OT1/cmr/m/n/12 source 1: @ar-ti-cle-Fis-chler:1981:RSC:358669.358692, au-tho
r = Fis-
 []


Underfull \hbox (badness 4024) in paragraph at lines 285--305
\OT1/cmr/m/n/12 chler, Mar-tin A. and Bolles, Robert C., ti-tle = Ran-dom sam-
 []


Underfull \hbox (badness 2573) in paragraph at lines 285--305
\OT1/cmr/m/n/12 ple con-sen-sus: a paradigm for model fit-ting with ap-pli-ca-t
ions to
 []


Underfull \hbox (badness 6575) in paragraph at lines 285--305
\OT1/cmr/m/n/12 im-age anal-y-sis and au-to-mated car-tog-ra-phy, jour-nal = Co
m-mun.
 []


Underfull \hbox (badness 10000) in paragraph at lines 285--305
[]\OML/cmm/m/it/12 ; url \OT1/cmr/m/n/12 = []\OML/cmm/m/it/12 ; doi \OT1/cmr/m/
n/12 =
 []


Underfull \hbox (badness 10000) in paragraph at lines 285--305
[]\OML/cmm/m/it/12 ; acmid \OT1/cmr/m/n/12 = []\OML/cmm/m/it/12 ; publisher \OT
1/cmr/m/n/12 =
 []


Underfull \hbox (badness 10000) in paragraph at lines 285--305
[]\OML/cmm/m/it/12 ; address \OT1/cmr/m/n/12 = []\OML/cmm/m/it/12 ; keywords \O
T1/cmr/m/n/12 =
 []


Overfull \hbox (196.69745pt too wide) in paragraph at lines 285--305
[]\OML/cmm/m/it/12 ; []$ 
 []


Overfull \hbox (117.91774pt too wide) in paragraph at lines 307--311
[]\OT1/cmr/m/n/12 This web-site: http://homepages.inf.ed.ac.uk/rbf/CVonline/LOC
AL[]COPIES/FISHER/RANSAC/
 []


Overfull \hbox (36.99408pt too wide) in paragraph at lines 316--317
[]\OT1/cmr/m/n/12 Matlab's Im-age Pro-cess-ing Toolkit. http://www.mathworks.co
.uk/products/image/ 
 []

[23] (./AVReport.aux) ) 
Here is how much of TeX's memory you used:
 1086 strings out of 256216
 13862 string characters out of 1917072
 62630 words of memory out of 1500000
 4389 multiletter control sequences out of 10000+200000
 8852 words of font info for 31 fonts, out of 1200000 for 2000
 645 hyphenation exceptions out of 8191
 27i,9n,21p,1087b,255s stack positions out of 5000i,500n,6000p,200000b,15000s
</usr/share/texmf/fonts/type1/bluesky/cm/cmbx12.pfb></us
r/share/texmf/fonts/type1/bluesky/cm/cmmi12.pfb></usr/share/texmf/fonts/type1/b
luesky/cm/cmmi6.pfb></usr/share/texmf/fonts/type1/bluesky/cm/cmmi8.pfb></usr/sh
are/texmf/fonts/type1/bluesky/cm/cmr12.pfb></usr/share/texmf/fonts/type1/bluesk
y/cm/cmr17.pfb></usr/share/texmf/fonts/type1/bluesky/cm/cmr8.pfb></usr/share/te
xmf/fonts/type1/bluesky/cm/cmsl12.pfb></usr/share/texmf/fonts/type1/bluesky/cm/
cmsy10.pfb></usr/share/texmf/fonts/type1/bluesky/cm/cmsy8.pfb>
Output written on AVReport.pdf (27 pages, 999315 bytes).
PDF statistics:
 142 PDF objects out of 1000 (max. 8388607)
 0 named destinations out of 1000 (max. 131072)
 66 words of extra memory for PDF output out of 10000 (max. 10000000)

